Arguments: 
  /Users/crerar/.nvm/versions/node/v14.17.0/bin/node /Users/crerar/.nvm/versions/node/v14.17.0/bin/yarn add pritter -D

PATH: 
  /Users/crerar/opt/anaconda3/bin:/Users/crerar/opt/anaconda3/condabin:/Users/crerar/.nvm/versions/node/v14.17.0/bin:/usr/local/bin:/usr/bin:/bin:/usr/sbin:/sbin:/Library/Apple/usr/bin:/Library/Frameworks/Mono.framework/Versions/Current/Commands:/Users/crerar/.cargo/bin:/Library/Java/JavaVirtualMachines/adoptopenjdk-11.jdk/Contents/Home/bin:/Users/crerar/Library/Android/sdk/emulator:/Users/crerar/Library/Android/sdk/tools:/Users/crerar/Library/Android/sdk/tools/bin:/Users/crerar/Library/Android/sdk/platform-tools

Yarn version: 
  1.22.17

Node version: 
  14.17.0

Platform: 
  darwin x64

Trace: 
  Error: https://registry.yarnpkg.com/pritter: Not found
      at Request.params.callback [as _callback] (/Users/crerar/.nvm/versions/node/v14.17.0/lib/node_modules/yarn/lib/cli.js:67029:18)
      at Request.self.callback (/Users/crerar/.nvm/versions/node/v14.17.0/lib/node_modules/yarn/lib/cli.js:140883:22)
      at Request.emit (events.js:376:20)
      at Request.<anonymous> (/Users/crerar/.nvm/versions/node/v14.17.0/lib/node_modules/yarn/lib/cli.js:141855:10)
      at Request.emit (events.js:376:20)
      at IncomingMessage.<anonymous> (/Users/crerar/.nvm/versions/node/v14.17.0/lib/node_modules/yarn/lib/cli.js:141777:12)
      at Object.onceWrapper (events.js:482:28)
      at IncomingMessage.emit (events.js:388:22)
      at endReadableNT (internal/streams/readable.js:1336:12)
      at processTicksAndRejections (internal/process/task_queues.js:82:21)

npm manifest: 
  {
    "name": "design-patterns",
    "version": "1.0.0",
    "main": "index.js",
    "repository": "https://github.com/kimyoungjae96/design-patterns.git",
    "author": "kimyoungjae96 <sskim5421@gmail.com>",
    "license": "MIT",
    "devDependencies": {
      "prettier": "^2.5.1"
    }
  }

yarn manifest: 
  No manifest

Lockfile: 
  # THIS IS AN AUTOGENERATED FILE. DO NOT EDIT THIS FILE DIRECTLY.
  # yarn lockfile v1
  
  
  prettier@^2.5.1:
    version "2.5.1"
    resolved "https://registry.yarnpkg.com/prettier/-/prettier-2.5.1.tgz#fff75fa9d519c54cf0fce328c1017d94546bc56a"
    integrity sha512-vBZcPRUR5MZJwoyi3ZoyQlc1rXeEck8KgeC9AwwOn+exuxLxq5toTRDTSaVrXHxelDMHy9zlicw8u66yxoSUFg==
